  Procedures.cpp
D:\Project Visual Studio\Coaxial Сylinders\Сoaxial Сylinders v_1.11\Сoaxial Сylinders v_1.11\Procedures.cpp(1154,46): warning C4101: a: неиспользованная локальная переменная
D:\Project Visual Studio\Coaxial Сylinders\Сoaxial Сylinders v_1.11\Сoaxial Сylinders v_1.11\Procedures.cpp(1154,49): warning C4101: b: неиспользованная локальная переменная
D:\Project Visual Studio\Coaxial Сylinders\Сoaxial Сylinders v_1.11\Сoaxial Сylinders v_1.11\Procedures.cpp(1154,52): warning C4101: c: неиспользованная локальная переменная
D:\Project Visual Studio\Coaxial Сylinders\Сoaxial Сylinders v_1.11\Сoaxial Сylinders v_1.11\Procedures.cpp(1561,38): warning C4267: =: преобразование из "size_t" в "int"; возможна потеря данных
D:\Project Visual Studio\Coaxial Сylinders\Сoaxial Сylinders v_1.11\Сoaxial Сylinders v_1.11\Procedures.cpp(1723,39): warning C4267: =: преобразование из "size_t" в "int"; возможна потеря данных
D:\Project Visual Studio\Coaxial Сylinders\Сoaxial Сylinders v_1.11\Сoaxial Сylinders v_1.11\Procedures.cpp(1724,38): warning C4267: =: преобразование из "size_t" в "int"; возможна потеря данных
D:\Project Visual Studio\Coaxial Сylinders\Сoaxial Сylinders v_1.11\Сoaxial Сylinders v_1.11\Procedures.cpp(944): warning C4715: Section_value_MUSCL: значение возвращается не при всех путях выполнения
C:\Program Files\Microsoft Visual Studio\2022\Community\MSBuild\Microsoft\VC\v170\Microsoft.CppCommon.targets(700,5): error MSB6003: Не удалось запустить указанный исполняемый файл задачи "CL.exe". System.IO.IOException: Запрошенную операцию нельзя выполнить для файла с открытой пользователем сопоставленной секцией.
C:\Program Files\Microsoft Visual Studio\2022\Community\MSBuild\Microsoft\VC\v170\Microsoft.CppCommon.targets(700,5): error MSB6003: 
C:\Program Files\Microsoft Visual Studio\2022\Community\MSBuild\Microsoft\VC\v170\Microsoft.CppCommon.targets(700,5): error MSB6003:    в System.IO.__Error.WinIOError(Int32 errorCode, String maybeFullPath)
C:\Program Files\Microsoft Visual Studio\2022\Community\MSBuild\Microsoft\VC\v170\Microsoft.CppCommon.targets(700,5): error MSB6003:    в System.IO.FileStream.Init(String path, FileMode mode, FileAccess access, Int32 rights, Boolean useRights, FileShare share, Int32 bufferSize, FileOptions options, SECURITY_ATTRIBUTES secAttrs, String msgPath, Boolean bFromProxy, Boolean useLongPath, Boolean checkHost)
C:\Program Files\Microsoft Visual Studio\2022\Community\MSBuild\Microsoft\VC\v170\Microsoft.CppCommon.targets(700,5): error MSB6003:    в System.IO.FileStream..ctor(String path, FileMode mode, FileAccess access, FileShare share, Int32 bufferSize, FileOptions options, String msgPath, Boolean bFromProxy, Boolean useLongPath, Boolean checkHost)
C:\Program Files\Microsoft Visual Studio\2022\Community\MSBuild\Microsoft\VC\v170\Microsoft.CppCommon.targets(700,5): error MSB6003:    в System.IO.StreamWriter.CreateFile(String path, Boolean append, Boolean checkHost)
C:\Program Files\Microsoft Visual Studio\2022\Community\MSBuild\Microsoft\VC\v170\Microsoft.CppCommon.targets(700,5): error MSB6003:    в System.IO.StreamWriter..ctor(String path, Boolean append, Encoding encoding, Int32 bufferSize, Boolean checkHost)
C:\Program Files\Microsoft Visual Studio\2022\Community\MSBuild\Microsoft\VC\v170\Microsoft.CppCommon.targets(700,5): error MSB6003:    в System.IO.File.InternalWriteAllText(String path, String contents, Encoding encoding, Boolean checkHost)
C:\Program Files\Microsoft Visual Studio\2022\Community\MSBuild\Microsoft\VC\v170\Microsoft.CppCommon.targets(700,5): error MSB6003:    в Microsoft.Build.Utilities.CanonicalTrackedInputFiles.SaveTlog(DependencyFilter includeInTLog)
C:\Program Files\Microsoft Visual Studio\2022\Community\MSBuild\Microsoft\VC\v170\Microsoft.CppCommon.targets(700,5): error MSB6003:    в Microsoft.Build.CPPTasks.CL.PostExecuteTool(Int32 exitCode)
C:\Program Files\Microsoft Visual Studio\2022\Community\MSBuild\Microsoft\VC\v170\Microsoft.CppCommon.targets(700,5): error MSB6003:    в Microsoft.Build.CPPTasks.TrackedVCToolTask.ExecuteTool(String pathToTool, String responseFileCommands, String commandLineCommands)
C:\Program Files\Microsoft Visual Studio\2022\Community\MSBuild\Microsoft\VC\v170\Microsoft.CppCommon.targets(700,5): error MSB6003:    в Microsoft.Build.Utilities.ToolTask.Execute()
