  Procedures.cpp
C:\Program Visual Studio\Coaxial Сylinders\Сoaxial Сylinders v_1.11\Сoaxial Сylinders v_1.11\Procedures.cpp(1040,15): warning C4244: инициализация: преобразование "double" в "int", возможна потеря данных
C:\Program Visual Studio\Coaxial Сylinders\Сoaxial Сylinders v_1.11\Сoaxial Сylinders v_1.11\Procedures.cpp(1041,15): warning C4244: инициализация: преобразование "double" в "int", возможна потеря данных
C:\Program Visual Studio\Coaxial Сylinders\Сoaxial Сylinders v_1.11\Сoaxial Сylinders v_1.11\Procedures.cpp(1042,15): warning C4244: инициализация: преобразование "double" в "int", возможна потеря данных
C:\Program Visual Studio\Coaxial Сylinders\Сoaxial Сylinders v_1.11\Сoaxial Сylinders v_1.11\Procedures.cpp(1073,23): warning C4244: инициализация: преобразование "double" в "int", возможна потеря данных
C:\Program Visual Studio\Coaxial Сylinders\Сoaxial Сylinders v_1.11\Сoaxial Сylinders v_1.11\Procedures.cpp(1074,23): warning C4244: инициализация: преобразование "double" в "int", возможна потеря данных
C:\Program Visual Studio\Coaxial Сylinders\Сoaxial Сylinders v_1.11\Сoaxial Сylinders v_1.11\Procedures.cpp(1075,23): warning C4244: инициализация: преобразование "double" в "int", возможна потеря данных
C:\Program Visual Studio\Coaxial Сylinders\Сoaxial Сylinders v_1.11\Сoaxial Сylinders v_1.11\Procedures.cpp(1305,46): warning C4101: a: неиспользованная локальная переменная
C:\Program Visual Studio\Coaxial Сylinders\Сoaxial Сylinders v_1.11\Сoaxial Сylinders v_1.11\Procedures.cpp(1305,49): warning C4101: b: неиспользованная локальная переменная
C:\Program Visual Studio\Coaxial Сylinders\Сoaxial Сylinders v_1.11\Сoaxial Сylinders v_1.11\Procedures.cpp(1305,52): warning C4101: c: неиспользованная локальная переменная
C:\Program Visual Studio\Coaxial Сylinders\Сoaxial Сylinders v_1.11\Сoaxial Сylinders v_1.11\Procedures.cpp(1761,16): warning C4244: инициализация: преобразование "double" в "int", возможна потеря данных
C:\Program Visual Studio\Coaxial Сylinders\Сoaxial Сylinders v_1.11\Сoaxial Сylinders v_1.11\Procedures.cpp(1762,16): warning C4244: инициализация: преобразование "double" в "int", возможна потеря данных
C:\Program Visual Studio\Coaxial Сylinders\Сoaxial Сylinders v_1.11\Сoaxial Сylinders v_1.11\Procedures.cpp(1871,36): warning C4267: =: преобразование из "size_t" в "int"; возможна потеря данных
C:\Program Visual Studio\Coaxial Сylinders\Сoaxial Сylinders v_1.11\Сoaxial Сylinders v_1.11\Procedures.cpp(2048,37): warning C4267: =: преобразование из "size_t" в "int"; возможна потеря данных
C:\Program Visual Studio\Coaxial Сylinders\Сoaxial Сylinders v_1.11\Сoaxial Сylinders v_1.11\Procedures.cpp(2049,36): warning C4267: =: преобразование из "size_t" в "int"; возможна потеря данных
  Сoaxial Сylinders v_1.11.cpp
  Создание кода
  Previous IPDB not found, fall back to full compilation.
C:\Program Visual Studio\Coaxial Сylinders\Сoaxial Сylinders v_1.11\Сoaxial Сylinders v_1.11\Procedures.cpp(956): warning C4715: Section_value_MUSCL: значение возвращается не при всех путях выполнения
  All 623 functions were compiled because no usable IPDB/IOBJ from previous compilation was found.
  Создание кода завершено
  Сoaxial Сylinders v_1.11.vcxproj -> C:\Program Visual Studio\Coaxial Сylinders\Сoaxial Сylinders v_1.11\x64\Release\Сoaxial Сylinders v_1.11.exe
